algorithms
boxed
contacts
cricket
cumulative
driven
emotional
detroit
eminem
exposure
endorsement
enforcement
facility
failing
failure
fame
faqs
fares
fate
favorite
fetish
filename
ferry
fighting
filtering
fiber
findlaw
filters
fioricet
fixed
flame
flashing
fixes
flesh
flex
flood
flag
floor
fluid
focusing
folder
folks
foods
footage
forbes
fool
forever
fossil
fragrance
forecast
fountain
francisco
frontpage
frozen
foto
fund
fundamental
frame
functional
galaxy
gadgets
gazette
gene
generally
genre
girlfriend
genres
glucose
gentleman
gerald
goto
gotten
glen
grade
grant
governor
grateful
graphs
greensboro
greetings
gossip
graphical
groove
gross
greece
grow
gratis
grounds
growing
habitat
guru
handles
happiness
hamburg
handling
hardly
hardwood
hang
headers
emotional
findlaw
flesh
folks
foods
fetish
forever
gotten
grateful
governor
haven
hazardous
hearts
heating
heads
hazardous
healthcare
herald
holland
hoped
incl
injury
interact
jeans
joan
joined
jews
joshua
jewel
joseph
junk
juvenile
junior
kelly
keno
keys
keyword
justin
kiss
labor
lafayette
lakes
lance
lady
lane
latinas
laura
latter
leaf
liked
lightweight
lincoln
lightning
lines
lite
literacy
lives
lodging
loaded
logs
losses
loop
luke
lycos
loud
magnitude
mailto
mainland
manage
manga
margin
manitoba
maritime
mass
meaningful
mature
medicaid
ment
mentor
merchant
messenger
methodology
metres
microwave
migration
mileage
milwaukee
miller
millions
mike
minimum
mirror
mood
montana
moore
motel
motion
motors
municipal
museum
musician
myself
naked
native
naughty
naturals
nearest
necessary
necessity
nathan
negotiation
networking
newfoundland
netherlands
nintendo
nissan
nicholas
niger
nova
norton
observation
obviously
offerings
officers
offshore
ontario
opening
operated
operation
optimize
organizing
outcome
outreach
owen
overlap
palestinian
palm
painful
pants
parade
paragraphs
parcel
parameter
participating
passage
passed
paradise
patent
passport
patients
patrick
payments
payroll
peeing
penetration
pennsylvania
payable
penny
pens
performed
perfume
pepper
pharmacology
phil
photographers
peru
phys
physical
physiology
phrase
physics
pilot
pipe
plane
plaintiff
plasma
plates
poem
plot
porcelain
politics
port
portions
portraits
portsmouth
populations
possess
postal
possibilities
poultry
pound
prayer
preference
premises
preparation
presentation
presidential
preston
priced
pressure
primary
prince
presentations
presence
probability
proc
proceeding
processes
processing
prison
probe
promotes
projected
privilege
professor
prototype
proportion
protect
provision
publicly
punk
purchases
purple
pupils
psychological
pursuit
push
pushing
puzzle
python
qualification
qualifications
qualified
purpose
qualifying
qualities
providence
quotes
queensland
radar
rachel
racial
raise
rally
rand
ranked
rats
readers
reality
reasons
recipients
quilt
reconstruction
reed
referenced
references
referrals
regard
regularly
regulated
reggae
relatives
relate
religions
remain
remove
remainder
rendering
replies
representing
replaced
reprint
residence
reservations
resist
restricted
respondents
retired
retirement
returned
reveal
retailers
restrictions
ribbon
rico
retrieved
rising
river
robbie
robertson
robinson
risks
ringtone
roll
rolls
rome
rogers
roughly
roulette
rural
russell
sacrifice
safari
sandra
safely
sara
satisfaction
scanned
scanners
scene
sciences
scientific
sandy
scotland
scientists
scottish
screens
screenshot
scripts
scholar
screensaver
sectors
seeds
seeker
secure
sent
selecting
sept
serum
served
setting
shades
shakira
severe
shares
shelter
shelf
shops
shoot
sherman
showing
signal
sisters
skins
soccer
slides
soil
solar
solved
solid
soonest
sounds
speaks
spas
speaking
spencer
sphere
species
springfield
spyware
stage
stability
spot
statewide
stands
stays
steps
steven
stockings
stocks
stone
subdivision
sublime
submissions
subscriptions
styles
subsequently
subsidiary
substantially
successful
subsection
suddenly
suited
suits
sunny
supplements
suitable
suites
supply
surfaces
supreme
surprise
surrounding
survival
survey
suzuki
sync
sustain
syracuse
systematic
tape
taiwan
taught
televisions
teaches
temporal
termination
thailand
terror
theoretical
thesis
thickness
thorough
thou
threaded
threatened
throat
throw
thirty
ticket
thinking
throws
till
tion
tier
timeline
tobago
tissue
tomorrow
toolbar
toolbox
tops
tonight
took
tours
trackback
trackbacks
tracker
tower
tracy
trailer
trademarks
trails
tracked
trading
tramadol
trainer
transferred
tracking
transsexual
trash
treasure
translation
travels
treasures
trend
trinidad
tube
twelve
tunisia
tutorial
ultimately
ultra
uncle
undefined
unavailable
underwear
ultimate
universal
unlike
unto
upgrading
uses
utilize
valuable
validity
upload
values
vary
vector
vbulletin
vertex
vehicles
veterans
vermont
viewing
verizon
victoria
villa
violence
visited
vision
virtual
voltage
wagon
voters
wallpapers
walker
warrant
washing
waters
watershed
warming
watt
webcast
wendy
western
watts
websites
wear
whereas
wicked
willing
winning
wing
withdrawal
winston
wolf
workshops
worldcat
worldwide
wrap
wrong
wrote
xbox
yacht
yale
yang
yearly
zdnet
zealand
worth
zone
yourself
heads
joan
kiss
lines
latter
mature
naughty
norton
paragraphs
passage
pens
performed
perfume
physics
proceeding
provision
punk
pupils
pushing
quilt
pursuit
rats
reconstruction
promotes
regulated
radar
rendering
retired
ringtone
restrictions
robertson
rolls
rome
roughly
seeker
screens
skins
springfield
solar
surprise
speaks
suzuki
taiwan
supply
throat
throw
syracuse
trackbacks
tracker
thou
tracy
tramadol
ticket
tracked
tube
travels
vermont
validity
virtual
wicked
winston
punk
roughly
